0 info it worked if it ends with ok
1 verbose cli [ '/Users/willyspinner/.nvm/versions/node/v6.11.5/bin/node',
1 verbose cli   '/Users/willyspinner/.nvm/versions/node/v6.11.5/lib/node_modules/npm/bin/npm-cli.js',
1 verbose cli   'run',
1 verbose cli   'dev-server',
1 verbose cli   '--scripts-prepend-node-path=auto' ]
2 info using npm@3.10.10
3 info using node@v6.11.5
4 verbose run-script [ 'predev-server', 'dev-server', 'postdev-server' ]
5 info lifecycle tepuknyamuk_web_frontend@1.0.0~predev-server: tepuknyamuk_web_frontend@1.0.0
6 silly lifecycle tepuknyamuk_web_frontend@1.0.0~predev-server: no script for predev-server, continuing
7 info lifecycle tepuknyamuk_web_frontend@1.0.0~dev-server: tepuknyamuk_web_frontend@1.0.0
8 verbose lifecycle tepuknyamuk_web_frontend@1.0.0~dev-server: unsafe-perm in lifecycle true
9 verbose lifecycle tepuknyamuk_web_frontend@1.0.0~dev-server: PATH: /Users/willyspinner/.nvm/versions/node/v6.11.5/lib/node_modules/npm/bin/node-gyp-bin:/Users/willyspinner/Desktop/MEAN/my_Sites/tepuk-nyamuk/frontend/node_modules/.bin:/Users/willyspinner/.nvm/versions/node/v6.11.5/bin:/Library/Frameworks/Python.framework/Versions/3.6/bin:/usr/local/bin:/usr/local/sbin:/usr/bin:/bin:/usr/sbin:/sbin:/Library/TeX/texbin:/usr/local/go/bin:/opt/X11/bin:/Users/willyspinner/.yadr/bin:/Users/willyspinner/.yadr/bin/yadr:/opt/local/bin:/Users/willyspinner/willysBin:/Library/Frameworks/Python.framework/Versions/2.7/lib/python2.7/site-packages:/usr/local/Cellar/rabbitmq/3.7.4/sbin:/Library/Frameworks/Python.framework/Versions/3.6/bin:/Users/willyspinner/go/bin:/Users/willyspinner/willysBinSrc/elasticsearch-6.3.0/bin:/Users/willyspinner/willysBinSrc/kibana-6.3.0-darwin-x86_64/bin
10 verbose lifecycle tepuknyamuk_web_frontend@1.0.0~dev-server: CWD: /Users/willyspinner/Desktop/MEAN/my_Sites/tepuk-nyamuk/frontend
11 silly lifecycle tepuknyamuk_web_frontend@1.0.0~dev-server: Args: [ '-c',
11 silly lifecycle   'webpack-dev-server --mode development --env APPCS_PORT=3000 APPCS_HOST="localhost"' ]
12 silly lifecycle tepuknyamuk_web_frontend@1.0.0~dev-server: Returned: code: 1  signal: null
13 info lifecycle tepuknyamuk_web_frontend@1.0.0~dev-server: Failed to exec dev-server script
14 verbose stack Error: tepuknyamuk_web_frontend@1.0.0 dev-server: `webpack-dev-server --mode development --env APPCS_PORT=3000 APPCS_HOST="localhost"`
14 verbose stack Exit status 1
14 verbose stack     at EventEmitter.<anonymous> (/Users/willyspinner/.nvm/versions/node/v6.11.5/lib/node_modules/npm/lib/utils/lifecycle.js:255:16)
14 verbose stack     at emitTwo (events.js:106:13)
14 verbose stack     at EventEmitter.emit (events.js:191:7)
14 verbose stack     at ChildProcess.<anonymous> (/Users/willyspinner/.nvm/versions/node/v6.11.5/lib/node_modules/npm/lib/utils/spawn.js:40:14)
14 verbose stack     at emitTwo (events.js:106:13)
14 verbose stack     at ChildProcess.emit (events.js:191:7)
14 verbose stack     at maybeClose (internal/child_process.js:920:16)
14 verbose stack     at Process.ChildProcess._handle.onexit (internal/child_process.js:230:5)
15 verbose pkgid tepuknyamuk_web_frontend@1.0.0
16 verbose cwd /Users/willyspinner/Desktop/MEAN/my_Sites/tepuk-nyamuk/frontend
17 error Darwin 17.6.0
18 error argv "/Users/willyspinner/.nvm/versions/node/v6.11.5/bin/node" "/Users/willyspinner/.nvm/versions/node/v6.11.5/lib/node_modules/npm/bin/npm-cli.js" "run" "dev-server" "--scripts-prepend-node-path=auto"
19 error node v6.11.5
20 error npm  v3.10.10
21 error code ELIFECYCLE
22 error tepuknyamuk_web_frontend@1.0.0 dev-server: `webpack-dev-server --mode development --env APPCS_PORT=3000 APPCS_HOST="localhost"`
22 error Exit status 1
23 error Failed at the tepuknyamuk_web_frontend@1.0.0 dev-server script 'webpack-dev-server --mode development --env APPCS_PORT=3000 APPCS_HOST="localhost"'.
23 error Make sure you have the latest version of node.js and npm installed.
23 error If you do, this is most likely a problem with the tepuknyamuk_web_frontend package,
23 error not with npm itself.
23 error Tell the author that this fails on your system:
23 error     webpack-dev-server --mode development --env APPCS_PORT=3000 APPCS_HOST="localhost"
23 error You can get information on how to open an issue for this project with:
23 error     npm bugs tepuknyamuk_web_frontend
23 error Or if that isn't available, you can get their info via:
23 error     npm owner ls tepuknyamuk_web_frontend
23 error There is likely additional logging output above.
24 verbose exit [ 1, true ]
